Arguments: 
  C:\Program Files\nodejs\node.exe C:\Users\HP\AppData\Roaming\npm\node_modules\yarn\bin\yarn.js install

PATH: 
  C:\app\HP\product\21c\dbhomeXE\bin;D:\oracle\oracle21\dbhomeXE\bin;C:\oracle\oracle19c\bin;C:\Program Files\Common Files\Oracle\Java\javapath;C:\WINDOWS\system32;C:\WINDOWS;C:\WINDOWS\System32\Wbem;C:\WINDOWS\System32\WindowsPowerShell\v1.0\;C:\WINDOWS\System32\OpenSSH\;C:\ProgramData\chocolatey\bin;D:\wamp64\bin\php\php8.1.4;C:\Users\HP\AppData\Local\Programs\Microsoft VS Code\Code;D:\wamp64\bin\mysql\mysql8.0.27\bin;C:\Program Files\Microsoft SQL Server\150\Tools\Binn\;C:\Program Files\Microsoft SQL Server\Client SDK\ODBC\170\Tools\Binn\;C:\Program Files (x86)\Microsoft SQL Server\150\Tools\Binn\;C:\Program Files\Microsoft SQL Server\150\DTS\Binn\;C:\Program Files (x86)\Microsoft SQL Server\150\DTS\Binn\;C:\Program Files\Azure Data Studio\bin;C:\MinGW\bin\;C:\Program Files\Git\cmd;C:\Program Files\Bandizip\;C:\Program Files\doxygen\bin\;C:\Program Files\coreybutler-nvm-windows-3f0dba1\bin;C:\Users\HP\AppData\Roaming\nvm;C:\Program Files\nodejs;C:\Users\HP\AppData\Roaming\nvm;C:\ProgramData\ComposerSetup\bin;C:\Program Files\nodejs\;C:\Users\HP\AppData\Local\Microsoft\WindowsApps;C:\Users\HP\AppData\Local\Programs\Microsoft VS Code\bin;C:\Program Files\JetBrains\IntelliJ IDEA Community Edition 2022.2.1\bin;C:\Program Files\JetBrains\PyCharm Community Edition 2022.2.1\bin;C:\Users\HP\AppData\Roaming\Composer\vendor\bin;C:\Program Files\heroku\bin;C:\Users\HP\AppData\Local\Box\Box Edit\;C:\Users\HP\.dotnet\tools;C:\Program Files\Azure Data Studio\bin;C:\Users\HP\AppData\Local\JetBrains\Toolbox\scripts;C:\Program Files\coreybutler-nvm-windows-3f0dba1\bin;C:\Users\HP\AppData\Roaming\nvm;C:\Program Files\nodejs;C:\Users\HP\AppData\Roaming\npm

Yarn version: 
  1.22.19

Node version: 
  14.18.0

Platform: 
  win32 x64

Trace: 
  Error: https://registry.yarnpkg.com/core-js/-/core-js-2.6.12.tgz: ESOCKETTIMEDOUT
      at ClientRequest.<anonymous> (C:\Users\HP\AppData\Roaming\npm\node_modules\yarn\lib\cli.js:141517:19)
      at Object.onceWrapper (events.js:519:28)
      at ClientRequest.emit (events.js:400:28)
      at TLSSocket.emitRequestTimeout (_http_client.js:790:9)
      at Object.onceWrapper (events.js:519:28)
      at TLSSocket.emit (events.js:412:35)
      at TLSSocket.Socket._onTimeout (net.js:495:8)
      at listOnTimeout (internal/timers.js:557:17)
      at processTimers (internal/timers.js:500:7)

npm manifest: 
  {
    "name": "purple-vue-pro-new",
    "version": "0.1.0",
    "private": true,
    "scripts": {
      "serve": "vue-cli-service serve",
      "build": "vue-cli-service build",
      "lint": "vue-cli-service lint"
    },
    "dependencies": {
      "@flaticon/flaticon-uicons": "^2.1.0",
      "@johmun/vue-tags-input": "^2.1.0",
      "@mdi/font": "^4.5.95",
      "@meforma/vue-toaster": "^1.3.0",
      "axios": "^1.4.0",
      "bootstrap": "^4.6.2",
      "bootstrap-vue": "^2.0.4",
      "bootstrap-vue-treeview": "^1.0.8",
      "c3": "^0.7.11",
      "chart.js": "^2.9.2",
      "chartist": "^0.11.4",
      "core-js": "^3.3.2",
      "datatables.net": "^1.13.4",
      "datatables.net-bs4": "^1.13.4",
      "datatables.net-buttons-bs4": "^2.3.6",
      "datatables.net-dt": "^1.13.4",
      "dragula": "^3.7.2",
      "faker": "^4.1.0",
      "flag-icon-css": "^3.4.5",
      "font-awesome": "^4.7.0",
      "jquery": "^3.7.0",
      "jszip": "^3.10.1",
      "pdfmake": "^0.2.7",
      "popper.js": "^1.16.1",
      "simple-line-icons": "^2.4.1",
      "ti-icons": "^0.1.2",
      "v-clipboard": "^2.2.2",
      "vue": "^2.6.10",
      "vue-c3": "^1.2.11",
      "vue-chartist": "^2.2.1",
      "vue-chartjs": "^3.5.0",
      "vue-clipboard2": "^0.3.1",
      "vue-codemirror": "^4.0.6",
      "vue-context": "^5.0.0",
      "vue-datatable": "^1.0.4",
      "vue-full-calendar": "^2.7.0",
      "vue-gallery": "^2.0.1",
      "vue-good-wizard": "^1.4.1",
      "vue-google-charts": "^0.3.2",
      "vue-justgage": "^1.0.6",
      "vue-kanban": "^1.6.0-0",
      "vue-router": "^3.1.3",
      "vue-runtime-helpers": "^1.1.2",
      "vue-slide-bar": "^1.2.0",
      "vue-slider-component": "^3.0.43",
      "vue-snotify": "^3.2.1",
      "vue-sorted-table": "^1.2.0",
      "vue-star-rating": "^1.6.1",
      "vue-sweetalert2": "^2.1.5",
      "vue-trix": "github:hanhdt/vue-trix",
      "vue2-ace-editor": "0.0.15",
      "vue2-datepicker": "^3.1.1",
      "vue2-dragula": "^2.5.4",
      "vue2-google-maps": "^0.10.7",
      "vuejs-datatable": "^2.0.0-alpha.7",
      "vuelidate": "^0.7.4"
    },
    "devDependencies": {
      "@vue/cli-plugin-babel": "^4.0.0",
      "@vue/cli-service": "^4.0.0",
      "compass-mixins": "^0.12.10",
      "css-loader": "^3.2.0",
      "node-sass": "^4.13.0",
      "sass-loader": "^8.0.0",
      "vue-template-compiler": "^2.6.10",
      "vuetable-2": "^1.7.5"
    },
    "postcss": {
      "plugins": {
        "autoprefixer": {}
      }
    },
    "browserslist": [
      "> 1%",
      "last 2 versions"
    ]
  }

yarn manifest: 
  No manifest

Lockfile: 
  No lockfile
